#
# A fatal error has been detected by the Java Runtime Environment:
#
#  EXCEPTION_ACCESS_VIOLATION (0xc0000005) at pc=0x00007fff8421c160, pid=928, tid=9656
#
# JRE version: Java(TM) SE Runtime Environment (16.0.2+7) (build 16.0.2+7-67)
# Java VM: Java HotSpot(TM) 64-Bit Server VM (16.0.2+7-67, mixed mode, sharing, tiered, compressed oops, compressed class ptrs, g1 gc, windows-amd64)
# Problematic frame:
# V  [jvm.dll+0xc160]
#
# No core dump will be written. Minidumps are not enabled by default on client versions of Windows
#
# If you would like to submit a bug report, please visit:
#   https://bugreport.java.com/bugreport/crash.jsp
#

---------------  S U M M A R Y ------------

Command Line: -Daws.accessKeyId=ASIATO7YQHBBJOHMBDP7 -Daws.secretKey=LSSPGgk1ltyzMRRn2oGZceoU+rAzgjeQRNX4IU1p -Daws.sessionToken=IQoJb3JpZ2luX2VjEDkaCWV1LXdlc3QtMSJIMEYCIQCXoJRFZLWEl0BDk0ekt0mrl3vMi8ctLbkzZTXNz30DmwIhANEftkS+6fkwE5FbLQPPzsEuS1m851jrA3U+d8tCh8V+KpIDCKL//////////wEQABoMMjM4MzU0OTcwNjkwIgx5QGMapsEjirfDyV0q5gIyB3AEUNZKoKX4tQW6fuGiN1A5v4rE5yO1f+YNSLea5/wfP1asLgrPkVJ+CXy2itTL4d9G37LIgJRn60ha7/Ly4jwKDVzkcdX1XFJR6cxTAn9sMxmsuJvClZsgfjpYETdA7RqMmg7GWcTFtShwlgX371J0qHV65mjq5TqTmVDBMG3tmP/PD4rVdGsD7iO+mT+m/qXCBGh4lEYJHDzzOCzSYOGIZ89EaT9zU1DDYM4Y6B0nXfdFJjjI/3/VlpidWhBt7RYAjwAokt3W1aiS0j9nM53Yw1DufsRRW5DDnljykQLMSeIJ7rBs367wc5UxmMkhsxPW7LDiub/Z+r6Dtdj8mWwLOyOUNcnQqrTCJPYHYGyO8SGSfArVjuJfFgL08lfzIhE4BwysC8O+PBDUFo75mSBnFiIUr5eeXCvF4b8fLv4MchmbDS2pRKmCmBdw6GxqaVV6UPduquntHTYEyxNarZex/K31MKqzy4oGOqUBmKx2ehkAypHii8gKWyNSb74vptfqx40UGHzytjP80KXgTfzQZdkOen3iUVFKnwG5zF1abyJG61hmxHfLdlizsFbffEHV4z7zqjb5YXTvnpIJ4SsjGfyxNOHGNkdcFEC9wSkH6ySFccHLwuUVO9zMod+vfIgKyMFbwR7K6qVTmxrR4EK72cetLQPNkQRn6AXKgylzAlrzMvo1/emHME0+v1Y4P/u3 -Dkvs-stream=My_Video_Stream -Djava.library.path=C:\Temprorary_Application\Java\Gstreamer\amazon-kinesis-video-streams-producer-sdk-java1\src\main\resources\lib\windows -Dfile.encoding=Cp1252 -XX:+ShowCodeDetailsInExceptionMessages com.amazonaws.kinesisvideo.demoapp.GStreamerRtspPublisherDemoNew My_Video_Stream rtsp://54.195.41.63:8554/mystream

Host: 11th Gen Intel(R) Core(TM) i7-1165G7 @ 2.80GHz, 8 cores, 15G,  Windows 10 , 64 bit Build 19041 (10.0.19041.1202)
Time: Tue Sep 28 10:08:24 2021 GMT Daylight Time elapsed time: 0.167117 seconds (0d 0h 0m 0s)

---------------  T H R E A D  ---------------

Current thread (0x000002439b494040):  JavaThread "main" [_thread_in_vm, id=9656, stack(0x00000091ad400000,0x00000091ad500000)]

Stack: [0x00000091ad400000,0x00000091ad500000],  sp=0x00000091ad4fe5e8,  free space=1017k
Native frames: (J=compiled Java code, j=interpreted, Vv=VM code, C=native code)
V  [jvm.dll+0xc160]

Java frames: (J=compiled Java code, j=interpreted, Vv=VM code)
j  com.amazonaws.kinesisvideo.internal.producer.jni.NativeKinesisVideoProducerJni.createKinesisVideoStream(JLcom/amazonaws/kinesisvideo/producer/StreamInfo;)J+0
j  com.amazonaws.kinesisvideo.internal.producer.jni.NativeKinesisVideoProducerJni.createStream(Lcom/amazonaws/kinesisvideo/producer/StreamInfo;Lcom/amazonaws/kinesisvideo/producer/StreamCallbacks;)Lcom/amazonaws/kinesisvideo/internal/producer/KinesisVideoProducerStream;+20
j  com.amazonaws.kinesisvideo.internal.producer.jni.NativeKinesisVideoProducerJni.createStreamSync(Lcom/amazonaws/kinesisvideo/producer/StreamInfo;Lcom/amazonaws/kinesisvideo/producer/StreamCallbacks;)Lcom/amazonaws/kinesisvideo/internal/producer/KinesisVideoProducerStream;+3
j  com.amazonaws.kinesisvideo.internal.client.NativeKinesisVideoClient.registerMediaSource(Lcom/amazonaws/kinesisvideo/internal/client/mediasource/MediaSource;)V+32
j  com.amazonaws.kinesisvideo.demoapp.GStreamerRtspPublisherDemoNew.main([Ljava/lang/String;)V+121
v  ~StubRoutines::call_stub

siginfo: EXCEPTION_ACCESS_VIOLATION (0xc0000005), reading address 0x0000000000000000


Register to memory mapping:

RIP=0x00007fff8421c160 jvm.dll
RAX=0x0 is NULL
RBX=0x000002439b494040 is a thread
RCX=0x0 is NULL
RDX=0x0 is NULL
RSP=0x00000091ad4fe5e8 is pointing into the stack for thread: 0x000002439b494040
RBP=0x0 is NULL
RSI=0x0 is NULL
RDI=0x0 is NULL
R8 =0x00000091ad4fe6f0 is pointing into the stack for thread: 0x000002439b494040
R9 =0x0 is NULL
R10=0x00000243a2c1dcf3 is at code_begin+979 in an Interpreter codelet
method entry point (kind = native)  [0x00000243a2c1d920, 0x00000243a2c1e300]  2528 bytes
R11=0x00000091ad4fe6f0 is pointing into the stack for thread: 0x000002439b494040
R12=0x0 is NULL
R13=0x00000243be434fd8 is pointing into metadata
R14=0x00000091ad4fe6f0 is pointing into the stack for thread: 0x000002439b494040
R15=0x000002439b494040 is a thread


Registers:
RAX=0x0000000000000000, RBX=0x000002439b494040, RCX=0x0000000000000000, RDX=0x0000000000000000
RSP=0x00000091ad4fe5e8, RBP=0x0000000000000000, RSI=0x0000000000000000, RDI=0x0000000000000000
R8 =0x00000091ad4fe6f0, R9 =0x0000000000000000, R10=0x00000243a2c1dcf3, R11=0x00000091ad4fe6f0
R12=0x0000000000000000, R13=0x00000243be434fd8, R14=0x00000091ad4fe6f0, R15=0x000002439b494040
RIP=0x00007fff8421c160, EFLAGS=0x0000000000010246

Top of Stack: (sp=0x00000091ad4fe5e8)
0x00000091ad4fe5e8:   00007fff845dd06f 0000000100000009
0x00000091ad4fe5f8:   0000000000000009 000000080001f278
0x00000091ad4fe608:   00007fff8461e7e1 000002439b494040
0x00000091ad4fe618:   0000000000000000 0000000800b152d8
0x00000091ad4fe628:   00000091ad4fe768 0000000000000000
0x00000091ad4fe638:   00007fffc50e9d37 000002439b494350
0x00000091ad4fe648:   0000000000000000 0000000000000000
0x00000091ad4fe658:   00007ffff5575ba1 000000071326e530
0x00000091ad4fe668:   0000000000000000 0000000000000000
0x00000091ad4fe678:   00007fffc51364a0 00000243be434fd8
0x00000091ad4fe688:   0000000000000000 0000000000000000
0x00000091ad4fe698:   00007fffc5121440 00000243bebdde50
0x00000091ad4fe6a8:   00007fffc50e18d4 0000000000000000
0x00000091ad4fe6b8:   0000000000000000 00000243bebdde50
0x00000091ad4fe6c8:   000002439b494040 00000091ad4fe868
0x00000091ad4fe6d8:   0000000800b152d8 000002439b494350 

Instructions: (pc=0x00007fff8421c160)
0x00007fff8421c060:   bc cf a5 00 48 83 c4 20 5b 48 ff e0 48 8d 05 ed
0x00007fff8421c070:   00 00 00 48 8b cb 48 89 05 a3 cf a5 00 48 83 c4
0x00007fff8421c080:   20 5b 48 ff e0 48 8d 05 d4 00 00 00 48 8b cb 48
0x00007fff8421c090:   89 05 8a cf a5 00 48 83 c4 20 5b 48 ff e0 48 8b
0x00007fff8421c0a0:   0d 1b b0 ab 00 8b 51 10 83 ea 01 0f 84 8b 00 00
0x00007fff8421c0b0:   00 83 ea 01 74 6d 83 ea 01 74 4f 83 fa 01 74 31
0x00007fff8421c0c0:   4c 8d 05 81 ba 81 00 ba e8 00 00 00 48 8d 0d ad
0x00007fff8421c0d0:   ba 81 00 e8 58 68 23 00 e8 63 bc 65 00 33 c0 48
0x00007fff8421c0e0:   8b cb 48 89 05 37 cf a5 00 48 83 c4 20 5b 48 ff
0x00007fff8421c0f0:   e0 48 8d 05 78 00 00 00 48 8b cb 48 89 05 1e cf
0x00007fff8421c100:   a5 00 48 83 c4 20 5b 48 ff e0 48 8d 05 4f 00 00
0x00007fff8421c110:   00 48 8b cb 48 89 05 05 cf a5 00 48 83 c4 20 5b
0x00007fff8421c120:   48 ff e0 48 8d 05 36 00 00 00 48 8b cb 48 89 05
0x00007fff8421c130:   ec ce a5 00 48 83 c4 20 5b 48 ff e0 48 8d 05 1d
0x00007fff8421c140:   00 00 00 48 8b cb 48 89 05 d3 ce a5 00 48 83 c4
0x00007fff8421c150:   20 5b 48 ff e0 cc cc cc cc cc cc cc cc cc cc cc
0x00007fff8421c160:   48 8b 01 c3 cc cc cc cc cc cc cc cc cc cc cc cc
0x00007fff8421c170:   48 89 5c 24 08 57 48 83 ec 20 48 8b 39 48 8b d9
0x00007fff8421c180:   48 85 3d a1 7c b0 00 75 0e 48 8b c7 48 8b 5c 24
0x00007fff8421c190:   30 48 83 c4 20 5f c3 48 8b cf e8 41 f1 7e 00 48
0x00007fff8421c1a0:   8b d0 48 85 c0 74 20 48 8b c7 f0 48 0f b1 13 74
0x00007fff8421c1b0:   16 48 85 05 70 7c b0 00 74 0d 48 8b c8 f0 48 0f
0x00007fff8421c1c0:   b1 13 48 3b c1 75 ea 48 8b 5c 24 30 48 8b c2 48
0x00007fff8421c1d0:   83 c4 20 5f c3 cc cc cc cc cc cc cc cc cc cc cc
0x00007fff8421c1e0:   8b 44 24 30 45 03 c9 44 2b 4c 24 28 83 c0 0b 44
0x00007fff8421c1f0:   03 ca 45 03 c8 41 03 c1 c3 cc cc cc cc cc cc cc
0x00007fff8421c200:   48 8b 41 08 0f b7 48 32 0f b7 40 30 83 c0 48 03
0x00007fff8421c210:   c1 c3 cc cc cc cc cc cc cc cc cc cc cc cc cc cc
0x00007fff8421c220:   48 89 5c 24 08 57 48 83 ec 20 0f b6 05 ff 83 b0
0x00007fff8421c230:   00 48 8b fa 48 8b d9 84 c0 74 4f 48 85 15 e6 7b
0x00007fff8421c240:   b0 00 74 38 48 8b ca e8 f4 f6 7e 00 48 8b d0 48
0x00007fff8421c250:   85 db 74 25 48 85 c0 74 20 48 8b c7 f0 48 0f b1 


Stack slot to memory mapping:
stack at sp + 0 slots: 0x00007fff845dd06f jvm.dll
stack at sp + 1 slots: 0x0000000100000009 is an unknown value
stack at sp + 2 slots: 0x0000000000000009 is an unknown value
stack at sp + 3 slots: {method} {0x000000080001f280} 'checkPackageAccess' '(Ljava/lang/Class;Ljava/security/ProtectionDomain;)V' in 'java/lang/ClassLoader'
stack at sp + 4 slots: 0x00007fff8461e7e1 jvm.dll
stack at sp + 5 slots: 0x000002439b494040 is a thread
stack at sp + 6 slots: 0x0 is NULL
stack at sp + 7 slots: 0x0000000800b152d8 is pointing into metadata


---------------  P R O C E S S  ---------------

Threads class SMR info:
_java_thread_list=0x00000243bec13820, length=14, elements={
0x000002439b494040, 0x00000243bdfa55d0, 0x00000243bdfa61d0, 0x00000243bdfb66a0,
0x00000243bdfb92b0, 0x00000243bdfbddd0, 0x00000243bdfc67e0, 0x00000243bdfcaa10,
0x00000243bdfcb450, 0x00000243bdfd6a90, 0x00000243bea09c10, 0x00000243bea13c70,
0x00000243beb63760, 0x00000243bec1d650
}

Java Threads: ( => current thread )
=>0x000002439b494040 JavaThread "main" [_thread_in_vm, id=9656, stack(0x00000091ad400000,0x00000091ad500000)]
  0x00000243bdfa55d0 JavaThread "Reference Handler" daemon [_thread_blocked, id=27540, stack(0x00000091adb00000,0x00000091adc00000)]
  0x00000243bdfa61d0 JavaThread "Finalizer" daemon [_thread_blocked, id=30568, stack(0x00000091adc00000,0x00000091add00000)]
  0x00000243bdfb66a0 JavaThread "Signal Dispatcher" daemon [_thread_blocked, id=24496, stack(0x00000091add00000,0x00000091ade00000)]
  0x00000243bdfb92b0 JavaThread "Attach Listener" daemon [_thread_blocked, id=29116, stack(0x00000091ade00000,0x00000091adf00000)]
  0x00000243bdfbddd0 JavaThread "Service Thread" daemon [_thread_blocked, id=9844, stack(0x00000091adf00000,0x00000091ae000000)]
  0x00000243bdfc67e0 JavaThread "Monitor Deflation Thread" daemon [_thread_blocked, id=21888, stack(0x00000091ae000000,0x00000091ae100000)]
  0x00000243bdfcaa10 JavaThread "C2 CompilerThread0" daemon [_thread_blocked, id=16520, stack(0x00000091ae100000,0x00000091ae200000)]
  0x00000243bdfcb450 JavaThread "C1 CompilerThread0" daemon [_thread_blocked, id=22144, stack(0x00000091ae200000,0x00000091ae300000)]
  0x00000243bdfd6a90 JavaThread "Sweeper thread" daemon [_thread_blocked, id=1924, stack(0x00000091ae300000,0x00000091ae400000)]
  0x00000243bea09c10 JavaThread "Notification Thread" daemon [_thread_blocked, id=27732, stack(0x00000091ae400000,0x00000091ae500000)]
  0x00000243bea13c70 JavaThread "Common-Cleaner" daemon [_thread_blocked, id=26168, stack(0x00000091ae600000,0x00000091ae700000)]
  0x00000243beb63760 JavaThread "KVS-JavaClientExecutor-0" [_thread_blocked, id=29784, stack(0x00000091ae700000,0x00000091ae800000)]
  0x00000243bec1d650 JavaThread "KVS-JavaClientExecutor-1" [_thread_blocked, id=8316, stack(0x00000091ae800000,0x00000091ae900000)]

Other Threads:
  0x00000243bdfa22e0 VMThread "VM Thread" [stack: 0x00000091ada00000,0x00000091adb00000] [id=1608]
  0x00000243bea13980 WatcherThread [stack: 0x00000091ae500000,0x00000091ae600000] [id=30112]
  0x000002439b4e3f00 GCTaskThread "GC Thread#0" [stack: 0x00000091ad500000,0x00000091ad600000] [id=24004]
  0x000002439b4f4bd0 ConcurrentGCThread "G1 Main Marker" [stack: 0x00000091ad600000,0x00000091ad700000] [id=20096]
  0x000002439b4f5640 ConcurrentGCThread "G1 Conc#0" [stack: 0x00000091ad700000,0x00000091ad800000] [id=16344]
  0x000002439b56dd00 ConcurrentGCThread "G1 Refine#0" [stack: 0x00000091ad800000,0x00000091ad900000] [id=1076]
  0x000002439b56e780 ConcurrentGCThread "G1 Service" [stack: 0x00000091ad900000,0x00000091ada00000] [id=17248]

Threads with active compile tasks:

VM state: not at safepoint (normal execution)

VM Mutex/Monitor currently owned by a thread: None

Heap address: 0x0000000703600000, size: 4042 MB, Compressed Oops mode: Zero based, Oop shift amount: 3

CDS archive(s) mapped at: [0x0000000800000000-0x0000000800bb0000-0x0000000800bb0000), size 12255232, SharedBaseAddress: 0x0000000800000000, ArchiveRelocationMode: 0.
Compressed class space mapped at: 0x0000000800c00000-0x0000000840c00000, reserved size: 1073741824
Narrow klass base: 0x0000000800000000, Narrow klass shift: 3, Narrow klass range: 0x100000000

GC Precious Log:
 CPUs: 8 total, 8 available
 Memory: 16167M
 Large Page Support: Disabled
 NUMA Support: Disabled
 Compressed Oops: Enabled (Zero based)
 Heap Region Size: 2M
 Heap Min Capacity: 8M
 Heap Initial Capacity: 254M
 Heap Max Capacity: 4042M
 Pre-touch: Disabled
 Parallel Workers: 8
 Concurrent Workers: 2
 Concurrent Refinement Workers: 8
 Periodic GC: Disabled

Heap:
 garbage-first heap   total 260096K, used 4096K [0x0000000703600000, 0x0000000800000000)
  region size 2048K, 3 young (6144K), 0 survivors (0K)
 Metaspace       used 1665K, committed 1792K, reserved 1056768K
  class space    used 161K, committed 192K, reserved 1048576K

Heap Regions: E=young(eden), S=young(survivor), O=old, HS=humongous(starts), HC=humongous(continues), CS=collection set, F=free, OA=open archive, CA=closed archive, TAMS=top-at-mark-start (previous, next)
|   0|0x0000000703600000, 0x0000000703600000, 0x0000000703800000|  0%| F|  |TAMS 0x0000000703600000, 0x0000000703600000| Untracked 
|   1|0x0000000703800000, 0x0000000703800000, 0x0000000703a00000|  0%| F|  |TAMS 0x0000000703800000, 0x0000000703800000| Untracked 
|   2|0x0000000703a00000, 0x0000000703a00000, 0x0000000703c00000|  0%| F|  |TAMS 0x0000000703a00000, 0x0000000703a00000| Untracked 
|   3|0x0000000703c00000, 0x0000000703c00000, 0x0000000703e00000|  0%| F|  |TAMS 0x0000000703c00000, 0x0000000703c00000| Untracked 
|   4|0x0000000703e00000, 0x0000000703e00000, 0x0000000704000000|  0%| F|  |TAMS 0x0000000703e00000, 0x0000000703e00000| Untracked 
|   5|0x0000000704000000, 0x0000000704000000, 0x0000000704200000|  0%| F|  |TAMS 0x0000000704000000, 0x0000000704000000| Untracked 
|   6|0x0000000704200000, 0x0000000704200000, 0x0000000704400000|  0%| F|  |TAMS 0x0000000704200000, 0x0000000704200000| Untracked 
|   7|0x0000000704400000, 0x0000000704400000, 0x0000000704600000|  0%| F|  |TAMS 0x0000000704400000, 0x0000000704400000| Untracked 
|   8|0x0000000704600000, 0x0000000704600000, 0x0000000704800000|  0%| F|  |TAMS 0x0000000704600000, 0x0000000704600000| Untracked 
|   9|0x0000000704800000, 0x0000000704800000, 0x0000000704a00000|  0%| F|  |TAMS 0x0000000704800000, 0x0000000704800000| Untracked 
|  10|0x0000000704a00000, 0x0000000704a00000, 0x0000000704c00000|  0%| F|  |TAMS 0x0000000704a00000, 0x0000000704a00000| Untracked 
|  11|0x0000000704c00000, 0x0000000704c00000, 0x0000000704e00000|  0%| F|  |TAMS 0x0000000704c00000, 0x0000000704c00000| Untracked 
|  12|0x0000000704e00000, 0x0000000704e00000, 0x0000000705000000|  0%| F|  |TAMS 0x0000000704e00000, 0x0000000704e00000| Untracked 
|  13|0x0000000705000000, 0x0000000705000000, 0x0000000705200000|  0%| F|  |TAMS 0x0000000705000000, 0x0000000705000000| Untracked 
|  14|0x0000000705200000, 0x0000000705200000, 0x0000000705400000|  0%| F|  |TAMS 0x0000000705200000, 0x0000000705200000| Untracked 
|  15|0x0000000705400000, 0x0000000705400000, 0x0000000705600000|  0%| F|  |TAMS 0x0000000705400000, 0x0000000705400000| Untracked 
|  16|0x0000000705600000, 0x0000000705600000, 0x0000000705800000|  0%| F|  |TAMS 0x0000000705600000, 0x0000000705600000| Untracked 
|  17|0x0000000705800000, 0x0000000705800000, 0x0000000705a00000|  0%| F|  |TAMS 0x0000000705800000, 0x0000000705800000| Untracked 
|  18|0x0000000705a00000, 0x0000000705a00000, 0x0000000705c00000|  0%| F|  |TAMS 0x0000000705a00000, 0x0000000705a00000| Untracked 
|  19|0x0000000705c00000, 0x0000000705c00000, 0x0000000705e00000|  0%| F|  |TAMS 0x0000000705c00000, 0x0000000705c00000| Untracked 
|  20|0x0000000705e00000, 0x0000000705e00000, 0x0000000706000000|  0%| F|  |TAMS 0x0000000705e00000, 0x0000000705e00000| Untracked 
|  21|0x0000000706000000, 0x0000000706000000, 0x0000000706200000|  0%| F|  |TAMS 0x0000000706000000, 0x0000000706000000| Untracked 
|  22|0x0000000706200000, 0x0000000706200000, 0x0000000706400000|  0%| F|  |TAMS 0x0000000706200000, 0x0000000706200000| Untracked 
|  23|0x0000000706400000, 0x0000000706400000, 0x0000000706600000|  0%| F|  |TAMS 0x0000000706400000, 0x0000000706400000| Untracked 
|  24|0x0000000706600000, 0x0000000706600000, 0x0000000706800000|  0%| F|  |TAMS 0x0000000706600000, 0x0000000706600000| Untracked 
|  25|0x0000000706800000, 0x0000000706800000, 0x0000000706a00000|  0%| F|  |TAMS 0x0000000706800000, 0x0000000706800000| Untracked 
|  26|0x0000000706a00000, 0x0000000706a00000, 0x0000000706c00000|  0%| F|  |TAMS 0x0000000706a00000, 0x0000000706a00000| Untracked 
|  27|0x0000000706c00000, 0x0000000706c00000, 0x0000000706e00000|  0%| F|  |TAMS 0x0000000706c00000, 0x0000000706c00000| Untracked 
|  28|0x0000000706e00000, 0x0000000706e00000, 0x0000000707000000|  0%| F|  |TAMS 0x0000000706e00000, 0x0000000706e00000| Untracked 
|  29|0x0000000707000000, 0x0000000707000000, 0x0000000707200000|  0%| F|  |TAMS 0x0000000707000000, 0x0000000707000000| Untracked 
|  30|0x0000000707200000, 0x0000000707200000, 0x0000000707400000|  0%| F|  |TAMS 0x0000000707200000, 0x0000000707200000| Untracked 
|  31|0x0000000707400000, 0x0000000707400000, 0x0000000707600000|  0%| F|  |TAMS 0x0000000707400000, 0x0000000707400000| Untracked 
|  32|0x0000000707600000, 0x0000000707600000, 0x0000000707800000|  0%| F|  |TAMS 0x0000000707600000, 0x0000000707600000| Untracked 
|  33|0x0000000707800000, 0x0000000707800000, 0x0000000707a00000|  0%| F|  |TAMS 0x0000000707800000, 0x0000000707800000| Untracked 
|  34|0x0000000707a00000, 0x0000000707a00000, 0x0000000707c00000|  0%| F|  |TAMS 0x0000000707a00000, 0x0000000707a00000| Untracked 
|  35|0x0000000707c00000, 0x0000000707c00000, 0x0000000707e00000|  0%| F|  |TAMS 0x0000000707c00000, 0x0000000707c00000| Untracked 
|  36|0x0000000707e00000, 0x0000000707e00000, 0x0000000708000000|  0%| F|  |TAMS 0x0000000707e00000, 0x0000000707e00000| Untracked 
|  37|0x0000000708000000, 0x0000000708000000, 0x0000000708200000|  0%| F|  |TAMS 0x0000000708000000, 0x0000000708000000| Untracked 
|  38|0x0000000708200000, 0x0000000708200000, 0x0000000708400000|  0%| F|  |TAMS 0x0000000708200000, 0x0000000708200000| Untracked 
|  39|0x0000000708400000, 0x0000000708400000, 0x0000000708600000|  0%| F|  |TAMS 0x0000000708400000, 0x0000000708400000| Untracked 
|  40|0x0000000708600000, 0x0000000708600000, 0x0000000708800000|  0%| F|  |TAMS 0x0000000708600000, 0x0000000708600000| Untracked 
|  41|0x0000000708800000, 0x0000000708800000, 0x0000000708a00000|  0%| F|  |TAMS 0x0000000708800000, 0x0000000708800000| Untracked 
|  42|0x0000000708a00000, 0x0000000708a00000, 0x0000000708c00000|  0%| F|  |TAMS 0x0000000708a00000, 0x0000000708a00000| Untracked 
|  43|0x0000000708c00000, 0x0000000708c00000, 0x0000000708e00000|  0%| F|  |TAMS 0x0000000708c00000, 0x0000000708c00000| Untracked 
|  44|0x0000000708e00000, 0x0000000708e00000, 0x0000000709000000|  0%| F|  |TAMS 0x0000000708e00000, 0x0000000708e00000| Untracked 
|  45|0x0000000709000000, 0x0000000709000000, 0x0000000709200000|  0%| F|  |TAMS 0x0000000709000000, 0x0000000709000000| Untracked 
|  46|0x0000000709200000, 0x0000000709200000, 0x0000000709400000|  0%| F|  |TAMS 0x0000000709200000, 0x0000000709200000| Untracked 
|  47|0x0000000709400000, 0x0000000709400000, 0x0000000709600000|  0%| F|  |TAMS 0x0000000709400000, 0x0000000709400000| Untracked 
|  48|0x0000000709600000, 0x0000000709600000, 0x0000000709800000|  0%| F|  |TAMS 0x0000000709600000, 0x0000000709600000| Untracked 
|  49|0x0000000709800000, 0x0000000709800000, 0x0000000709a00000|  0%| F|  |TAMS 0x0000000709800000, 0x0000000709800000| Untracked 
|  50|0x0000000709a00000, 0x0000000709a00000, 0x0000000709c00000|  0%| F|  |TAMS 0x0000000709a00000, 0x0000000709a00000| Untracked 
|  51|0x0000000709c00000, 0x0000000709c00000, 0x0000000709e00000|  0%| F|  |TAMS 0x0000000709c00000, 0x0000000709c00000| Untracked 
|  52|0x0000000709e00000, 0x0000000709e00000, 0x000000070a000000|  0%| F|  |TAMS 0x0000000709e00000, 0x0000000709e00000| Untracked 
|  53|0x000000070a000000, 0x000000070a000000, 0x000000070a200000|  0%| F|  |TAMS 0x000000070a000000, 0x000000070a000000| Untracked 
|  54|0x000000070a200000, 0x000000070a200000, 0x000000070a400000|  0%| F|  |TAMS 0x000000070a200000, 0x000000070a200000| Untracked 
|  55|0x000000070a400000, 0x000000070a400000, 0x000000070a600000|  0%| F|  |TAMS 0x000000070a400000, 0x000000070a400000| Untracked 
|  56|0x000000070a600000, 0x000000070a600000, 0x000000070a800000|  0%| F|  |TAMS 0x000000070a600000, 0x000000070a600000| Untracked 
|  57|0x000000070a800000, 0x000000070a800000, 0x000000070aa00000|  0%| F|  |TAMS 0x000000070a800000, 0x000000070a800000| Untracked 
|  58|0x000000070aa00000, 0x000000070aa00000, 0x000000070ac00000|  0%| F|  |TAMS 0x000000070aa00000, 0x000000070aa00000| Untracked 
|  59|0x000000070ac00000, 0x000000070ac00000, 0x000000070ae00000|  0%| F|  |TAMS 0x000000070ac00000, 0x000000070ac00000| Untracked 
|  60|0x000000070ae00000, 0x000000070ae00000, 0x000000070b000000|  0%| F|  |TAMS 0x000000070ae00000, 0x000000070ae00000| Untracked 
|  61|0x000000070b000000, 0x000000070b000000, 0x000000070b200000|  0%| F|  |TAMS 0x000000070b000000, 0x000000070b000000| Untracked 
|  62|0x000000070b200000, 0x000000070b200000, 0x000000070b400000|  0%| F|  |TAMS 0x000000070b200000, 0x000000070b200000| Untracked 
|  63|0x000000070b400000, 0x000000070b400000, 0x000000070b600000|  0%| F|  |TAMS 0x000000070b400000, 0x000000070b400000| Untracked 
|  64|0x000000070b600000, 0x000000070b600000, 0x000000070b800000|  0%| F|  |TAMS 0x000000070b600000, 0x000000070b600000| Untracked 
|  65|0x000000070b800000, 0x000000070b800000, 0x000000070ba00000|  0%| F|  |TAMS 0x000000070b800000, 0x000000070b800000| Untracked 
|  66|0x000000070ba00000, 0x000000070ba00000, 0x000000070bc00000|  0%| F|  |TAMS 0x000000070ba00000, 0x000000070ba00000| Untracked 
|  67|0x000000070bc00000, 0x000000070bc00000, 0x000000070be00000|  0%| F|  |TAMS 0x000000070bc00000, 0x000000070bc00000| Untracked 
|  68|0x000000070be00000, 0x000000070be00000, 0x000000070c000000|  0%| F|  |TAMS 0x000000070be00000, 0x000000070be00000| Untracked 
|  69|0x000000070c000000, 0x000000070c000000, 0x000000070c200000|  0%| F|  |TAMS 0x000000070c000000, 0x000000070c000000| Untracked 
|  70|0x000000070c200000, 0x000000070c200000, 0x000000070c400000|  0%| F|  |TAMS 0x000000070c200000, 0x000000070c200000| Untracked 
|  71|0x000000070c400000, 0x000000070c400000, 0x000000070c600000|  0%| F|  |TAMS 0x000000070c400000, 0x000000070c400000| Untracked 
|  72|0x000000070c600000, 0x000000070c600000, 0x000000070c800000|  0%| F|  |TAMS 0x000000070c600000, 0x000000070c600000| Untracked 
|  73|0x000000070c800000, 0x000000070c800000, 0x000000070ca00000|  0%| F|  |TAMS 0x000000070c800000, 0x000000070c800000| Untracked 
|  74|0x000000070ca00000, 0x000000070ca00000, 0x000000070cc00000|  0%| F|  |TAMS 0x000000070ca00000, 0x000000070ca00000| Untracked 
|  75|0x000000070cc00000, 0x000000070cc00000, 0x000000070ce00000|  0%| F|  |TAMS 0x000000070cc00000, 0x000000070cc00000| Untracked 
|  76|0x000000070ce00000, 0x000000070ce00000, 0x000000070d000000|  0%| F|  |TAMS 0x000000070ce00000, 0x000000070ce00000| Untracked 
|  77|0x000000070d000000, 0x000000070d000000, 0x000000070d200000|  0%| F|  |TAMS 0x000000070d000000, 0x000000070d000000| Untracked 
|  78|0x000000070d200000, 0x000000070d200000, 0x000000070d400000|  0%| F|  |TAMS 0x000000070d200000, 0x000000070d200000| Untracked 
|  79|0x000000070d400000, 0x000000070d400000, 0x000000070d600000|  0%| F|  |TAMS 0x000000070d400000, 0x000000070d400000| Untracked 
|  80|0x000000070d600000, 0x000000070d600000, 0x000000070d800000|  0%| F|  |TAMS 0x000000070d600000, 0x000000070d600000| Untracked 
|  81|0x000000070d800000, 0x000000070d800000, 0x000000070da00000|  0%| F|  |TAMS 0x000000070d800000, 0x000000070d800000| Untracked 
|  82|0x000000070da00000, 0x000000070da00000, 0x000000070dc00000|  0%| F|  |TAMS 0x000000070da00000, 0x000000070da00000| Untracked 
|  83|0x000000070dc00000, 0x000000070dc00000, 0x000000070de00000|  0%| F|  |TAMS 0x000000070dc00000, 0x000000070dc00000| Untracked 
|  84|0x000000070de00000, 0x000000070de00000, 0x000000070e000000|  0%| F|  |TAMS 0x000000070de00000, 0x000000070de00000| Untracked 
|  85|0x000000070e000000, 0x000000070e000000, 0x000000070e200000|  0%| F|  |TAMS 0x000000070e000000, 0x000000070e000000| Untracked 
|  86|0x000000070e200000, 0x000000070e200000, 0x000000070e400000|  0%| F|  |TAMS 0x000000070e200000, 0x000000070e200000| Untracked 
|  87|0x000000070e400000, 0x000000070e400000, 0x000000070e600000|  0%| F|  |TAMS 0x000000070e400000, 0x000000070e400000| Untracked 
|  88|0x000000070e600000, 0x000000070e600000, 0x000000070e800000|  0%| F|  |TAMS 0x000000070e600000, 0x000000070e600000| Untracked 
|  89|0x000000070e800000, 0x000000070e800000, 0x000000070ea00000|  0%| F|  |TAMS 0x000000070e800000, 0x000000070e800000| Untracked 
|  90|0x000000070ea00000, 0x000000070ea00000, 0x000000070ec00000|  0%| F|  |TAMS 0x000000070ea00000, 0x000000070ea00000| Untracked 
|  91|0x000000070ec00000, 0x000000070ec00000, 0x000000070ee00000|  0%| F|  |TAMS 0x000000070ec00000, 0x000000070ec00000| Untracked 
|  92|0x000000070ee00000, 0x000000070ee00000, 0x000000070f000000|  0%| F|  |TAMS 0x000000070ee00000, 0x000000070ee00000| Untracked 
|  93|0x000000070f000000, 0x000000070f000000, 0x000000070f200000|  0%| F|  |TAMS 0x000000070f000000, 0x000000070f000000| Untracked 
|  94|0x000000070f200000, 0x000000070f200000, 0x000000070f400000|  0%| F|  |TAMS 0x000000070f200000, 0x000000070f200000| Untracked 
|  95|0x000000070f400000, 0x000000070f400000, 0x000000070f600000|  0%| F|  |TAMS 0x000000070f400000, 0x000000070f400000| Untracked 
|  96|0x000000070f600000, 0x000000070f600000, 0x000000070f800000|  0%| F|  |TAMS 0x000000070f600000, 0x000000070f600000| Untracked 
|  97|0x000000070f800000, 0x000000070f800000, 0x000000070fa00000|  0%| F|  |TAMS 0x000000070f800000, 0x000000070f800000| Untracked 
|  98|0x000000070fa00000, 0x000000070fa00000, 0x000000070fc00000|  0%| F|  |TAMS 0x000000070fa00000, 0x000000070fa00000| Untracked 
|  99|0x000000070fc00000, 0x000000070fc00000, 0x000000070fe00000|  0%| F|  |TAMS 0x000000070fc00000, 0x000000070fc00000| Untracked 
| 100|0x000000070fe00000, 0x000000070fe00000, 0x0000000710000000|  0%| F|  |TAMS 0x000000070fe00000, 0x000000070fe00000| Untracked 
| 101|0x0000000710000000, 0x0000000710000000, 0x0000000710200000|  0%| F|  |TAMS 0x0000000710000000, 0x0000000710000000| Untracked 
| 102|0x0000000710200000, 0x0000000710200000, 0x0000000710400000|  0%| F|  |TAMS 0x0000000710200000, 0x0000000710200000| Untracked 
| 103|0x0000000710400000, 0x0000000710400000, 0x0000000710600000|  0%| F|  |TAMS 0x0000000710400000, 0x0000000710400000| Untracked 
| 104|0x0000000710600000, 0x0000000710600000, 0x0000000710800000|  0%| F|  |TAMS 0x0000000710600000, 0x0000000710600000| Untracked 
| 105|0x0000000710800000, 0x0000000710800000, 0x0000000710a00000|  0%| F|  |TAMS 0x0000000710800000, 0x0000000710800000| Untracked 
| 106|0x0000000710a00000, 0x0000000710a00000, 0x0000000710c00000|  0%| F|  |TAMS 0x0000000710a00000, 0x0000000710a00000| Untracked 
| 107|0x0000000710c00000, 0x0000000710c00000, 0x0000000710e00000|  0%| F|  |TAMS 0x0000000710c00000, 0x0000000710c00000| Untracked 
| 108|0x0000000710e00000, 0x0000000710e00000, 0x0000000711000000|  0%| F|  |TAMS 0x0000000710e00000, 0x0000000710e00000| Untracked 
| 109|0x0000000711000000, 0x0000000711000000, 0x0000000711200000|  0%| F|  |TAMS 0x0000000711000000, 0x0000000711000000| Untracked 
| 110|0x0000000711200000, 0x0000000711200000, 0x0000000711400000|  0%| F|  |TAMS 0x0000000711200000, 0x0000000711200000| Untracked 
| 111|0x0000000711400000, 0x0000000711400000, 0x0000000711600000|  0%| F|  |TAMS 0x0000000711400000, 0x0000000711400000| Untracked 
| 112|0x0000000711600000, 0x0000000711600000, 0x0000000711800000|  0%| F|  |TAMS 0x0000000711600000, 0x0000000711600000| Untracked 
| 113|0x0000000711800000, 0x0000000711800000, 0x0000000711a00000|  0%| F|  |TAMS 0x0000000711800000, 0x0000000711800000| Untracked 
| 114|0x0000000711a00000, 0x0000000711a00000, 0x0000000711c00000|  0%| F|  |TAMS 0x0000000711a00000, 0x0000000711a00000| Untracked 
| 115|0x0000000711c00000, 0x0000000711c00000, 0x0000000711e00000|  0%| F|  |TAMS 0x0000000711c00000, 0x0000000711c00000| Untracked 
| 116|0x0000000711e00000, 0x0000000711e00000, 0x0000000712000000|  0%| F|  |TAMS 0x0000000711e00000, 0x0000000711e00000| Untracked 
| 117|0x0000000712000000, 0x0000000712000000, 0x0000000712200000|  0%| F|  |TAMS 0x0000000712000000, 0x0000000712000000| Untracked 
| 118|0x0000000712200000, 0x0000000712200000, 0x0000000712400000|  0%| F|  |TAMS 0x0000000712200000, 0x0000000712200000| Untracked 
| 119|0x0000000712400000, 0x0000000712400000, 0x0000000712600000|  0%| F|  |TAMS 0x0000000712400000, 0x0000000712400000| Untracked 
| 120|0x0000000712600000, 0x0000000712600000, 0x0000000712800000|  0%| F|  |TAMS 0x0000000712600000, 0x0000000712600000| Untracked 
| 121|0x0000000712800000, 0x0000000712800000, 0x0000000712a00000|  0%| F|  |TAMS 0x0000000712800000, 0x0000000712800000| Untracked 
| 122|0x0000000712a00000, 0x0000000712a00000, 0x0000000712c00000|  0%| F|  |TAMS 0x0000000712a00000, 0x0000000712a00000| Untracked 
| 123|0x0000000712c00000, 0x0000000712c00000, 0x0000000712e00000|  0%| F|  |TAMS 0x0000000712c00000, 0x0000000712c00000| Untracked 
| 124|0x0000000712e00000, 0x0000000712fc3220, 0x0000000713000000| 88%| E|  |TAMS 0x0000000712e00000, 0x0000000712e00000| Complete 
| 125|0x0000000713000000, 0x0000000713200000, 0x0000000713200000|100%| E|CS|TAMS 0x0000000713000000, 0x0000000713000000| Complete 
| 126|0x0000000713200000, 0x0000000713400000, 0x0000000713400000|100%| E|CS|TAMS 0x0000000713200000, 0x0000000713200000| Complete 

Card table byte_map: [0x00000243b2730000,0x00000243b2f20000] _byte_map_base: 0x00000243aef15000

Marking Bits (Prev, Next): (CMBitMap*) 0x000002439b4e4570, (CMBitMap*) 0x000002439b4e45b0
 Prev Bits: [0x00000243b3710000, 0x00000243b7638000)
 Next Bits: [0x00000243b7640000, 0x00000243bb568000)

Polling page: 0x0000024399460000

Metaspace:

Usage:
  Non-class:      1.47 MB used.
      Class:    161.07 KB used.
       Both:      1.63 MB used.

Virtual space:
  Non-class space:        8.00 MB reserved,       1.56 MB ( 20%) committed,  1 nodes.
      Class space:        1.00 GB reserved,     192.00 KB ( <1%) committed,  1 nodes.
              Both:        1.01 GB reserved,       1.75 MB ( <1%) committed. 

Chunk freelists:
   Non-Class:  3.73 MB
       Class:  3.70 MB
        Both:  7.43 MB

MaxMetaspaceSize: 17179869184.00 GB
CompressedClassSpaceSize: 1.00 GB
 - commit_granule_bytes: 65536.
 - commit_granule_words: 8192.
 - virtual_space_node_default_size: 1048576.
 - enlarge_chunks_in_place: 1.
 - new_chunks_are_fully_committed: 0.
 - uncommit_free_chunks: 1.
 - use_allocation_guard: 0.
 - handle_deallocations: 1.


Internal statistics:

num_allocs_failed_limit: 0.
num_arena_births: 14.
num_arena_deaths: 0.
num_vsnodes_births: 2.
num_vsnodes_deaths: 0.
num_space_committed: 28.
num_space_uncommitted: 0.
num_chunks_returned_to_freelist: 0.
num_chunks_taken_from_freelist: 38.
num_chunk_merges: 0.
num_chunk_splits: 20.
num_chunks_enlarged: 11.
num_purges: 0.

CodeHeap 'non-profiled nmethods': size=120000Kb used=109Kb max_used=109Kb free=119890Kb
 bounds [0x00000243aa6e0000, 0x00000243aa950000, 0x00000243b1c10000]
CodeHeap 'profiled nmethods': size=120000Kb used=358Kb max_used=358Kb free=119641Kb
 bounds [0x00000243a31b0000, 0x00000243a3420000, 0x00000243aa6e0000]
CodeHeap 'non-nmethods': size=5760Kb used=1178Kb max_used=1191Kb free=4581Kb
 bounds [0x00000243a2c10000, 0x00000243a2e80000, 0x00000243a31b0000]
 total_blobs=774 nmethods=317 adapters=370
 compilation: enabled
              stopped_count=0, restarted_count=0
 full_count=0

Compilation events (20 events):
Event: 0.155 Thread 0x00000243bdfcb450  304       3       jdk.internal.reflect.ClassFileAssembler::cpi (22 bytes)
Event: 0.155 Thread 0x00000243bdfcb450 nmethod 304 0x00000243a3206810 code [0x00000243a32069c0, 0x00000243a3206be8]
Event: 0.155 Thread 0x00000243bdfcb450  306       3       jdk.internal.reflect.UTF8::utf8Length (81 bytes)
Event: 0.156 Thread 0x00000243bdfcb450 nmethod 306 0x00000243a3206c90 code [0x00000243a3206ec0, 0x00000243a3207778]
Event: 0.156 Thread 0x00000243bdfcb450  307       3       jdk.internal.reflect.ByteVectorImpl::getLength (7 bytes)
Event: 0.156 Thread 0x00000243bdfcb450 nmethod 307 0x00000243a3207b10 code [0x00000243a3207ca0, 0x00000243a3207db8]
Event: 0.156 Thread 0x00000243bdfcb450  310       3       java.util.Arrays::equals (57 bytes)
Event: 0.157 Thread 0x00000243bdfcb450 nmethod 310 0x00000243a3207e90 code [0x00000243a3208080, 0x00000243a3208668]
Event: 0.157 Thread 0x00000243bdfcb450  311       3       java.lang.invoke.MemberName::initResolved (53 bytes)
Event: 0.157 Thread 0x00000243bdfcb450 nmethod 311 0x00000243a3208810 code [0x00000243a32089c0, 0x00000243a3208b78]
Event: 0.157 Thread 0x00000243bdfcb450  312       3       java.lang.ref.WeakReference::<init> (7 bytes)
Event: 0.157 Thread 0x00000243bdfcb450 nmethod 312 0x00000243a3208c10 code [0x00000243a3208dc0, 0x00000243a32090b8]
Event: 0.157 Thread 0x00000243bdfcb450  313       3       java.lang.invoke.MethodType::equals (31 bytes)
Event: 0.157 Thread 0x00000243bdfcb450 nmethod 313 0x00000243a3209190 code [0x00000243a3209340, 0x00000243a3209528]
Event: 0.157 Thread 0x00000243bdfcb450  315       3       java.lang.reflect.Modifier::isStatic (13 bytes)
Event: 0.157 Thread 0x00000243bdfcb450 nmethod 315 0x00000243a3209610 code [0x00000243a32097a0, 0x00000243a32098f8]
Event: 0.157 Thread 0x00000243bdfcb450  316       1       java.lang.reflect.Method::getModifiers (5 bytes)
Event: 0.157 Thread 0x00000243bdfcb450 nmethod 316 0x00000243aa6faa90 code [0x00000243aa6fac20, 0x00000243aa6facf8]
Event: 0.157 Thread 0x00000243bdfcb450  314       1       java.lang.invoke.MethodTypeForm::parameterSlotCount (5 bytes)
Event: 0.157 Thread 0x00000243bdfcb450 nmethod 314 0x00000243aa6fad90 code [0x00000243aa6faf20, 0x00000243aa6faff8]

GC Heap History (0 events):
No events

Deoptimization events (16 events):
Event: 0.071 Thread 0x000002439b494040 Uncommon trap: trap_request=0xffffff45 fr.pc=0x00000243aa6e452c relative=0x000000000000030c
Event: 0.071 Thread 0x000002439b494040 Uncommon trap: reason=unstable_if action=reinterpret pc=0x00000243aa6e452c method=java.util.zip.ZipCoder$UTF8ZipCoder.normalizedHash([BII)I @ 74 c2
Event: 0.071 Thread 0x000002439b494040 DEOPT PACKING pc=0x00000243aa6e452c sp=0x00000091ad4fd900
Event: 0.071 Thread 0x000002439b494040 DEOPT UNPACKING pc=0x00000243a2c5f92e sp=0x00000091ad4fd890 mode 2
Event: 0.072 Thread 0x000002439b494040 DEOPT PACKING pc=0x00000243a31c6546 sp=0x00000091ad4fd880
Event: 0.072 Thread 0x000002439b494040 DEOPT UNPACKING pc=0x00000243a2c5e77e sp=0x00000091ad4fcda0 mode 0
Event: 0.072 Thread 0x000002439b494040 DEOPT PACKING pc=0x00000243a31c6546 sp=0x00000091ad4fd880
Event: 0.072 Thread 0x000002439b494040 DEOPT UNPACKING pc=0x00000243a2c5e77e sp=0x00000091ad4fcda0 mode 0
Event: 0.072 Thread 0x000002439b494040 DEOPT PACKING pc=0x00000243a31c6546 sp=0x00000091ad4fd880
Event: 0.072 Thread 0x000002439b494040 DEOPT UNPACKING pc=0x00000243a2c5e77e sp=0x00000091ad4fcda0 mode 0
Event: 0.072 Thread 0x000002439b494040 DEOPT PACKING pc=0x00000243a31c6546 sp=0x00000091ad4fd880
Event: 0.072 Thread 0x000002439b494040 DEOPT UNPACKING pc=0x00000243a2c5e77e sp=0x00000091ad4fcda0 mode 0
Event: 0.073 Thread 0x000002439b494040 DEOPT PACKING pc=0x00000243a31c6546 sp=0x00000091ad4fd880
Event: 0.073 Thread 0x000002439b494040 DEOPT UNPACKING pc=0x00000243a2c5e77e sp=0x00000091ad4fcda0 mode 0
Event: 0.073 Thread 0x000002439b494040 DEOPT PACKING pc=0x00000243a31c6546 sp=0x00000091ad4fd880
Event: 0.073 Thread 0x000002439b494040 DEOPT UNPACKING pc=0x00000243a2c5e77e sp=0x00000091ad4fcda0 mode 0

Classes unloaded (0 events):
No events

Classes redefined (0 events):
No events

Internal exceptions (1 events):
Event: 0.143 Thread 0x00000243beb63760 Exception <a 'java/lang/NoSuchMethodError'{0x0000000712e94f50}: static Ljava/lang/Object;.<clinit>()V> (0x0000000712e94f50) 
thrown [t:\workspace\open\src\hotspot\share\prims\jni.cpp, line 1210]

Events (20 events):
Event: 0.154 loading class jdk/internal/reflect/UnsafeQualifiedStaticFieldAccessorImpl
Event: 0.154 loading class jdk/internal/reflect/UnsafeQualifiedStaticFieldAccessorImpl done
Event: 0.154 loading class jdk/internal/reflect/UnsafeQualifiedStaticLongFieldAccessorImpl done
Event: 0.154 loading class jdk/internal/reflect/UnsafeQualifiedStaticObjectFieldAccessorImpl
Event: 0.154 loading class jdk/internal/reflect/UnsafeQualifiedStaticObjectFieldAccessorImpl done
Event: 0.155 loading class java/io/UnsupportedEncodingException
Event: 0.155 loading class java/io/UnsupportedEncodingException done
Event: 0.156 loading class java/io/SerialCallbackContext
Event: 0.156 loading class java/io/SerialCallbackContext done
Event: 0.156 loading class java/util/concurrent/locks/AbstractQueuedSynchronizer$ConditionNode
Event: 0.156 loading class java/util/concurrent/ForkJoinPool$ManagedBlocker
Event: 0.156 loading class java/util/concurrent/ForkJoinPool$ManagedBlocker done
Event: 0.156 loading class java/util/concurrent/locks/AbstractQueuedSynchronizer$Node
Event: 0.156 loading class java/util/concurrent/locks/AbstractQueuedSynchronizer$Node done
Event: 0.156 loading class java/util/concurrent/locks/AbstractQueuedSynchronizer$ConditionNode done
Event: 0.158 loading class java/util/concurrent/locks/AbstractQueuedSynchronizer$ExclusiveNode
Event: 0.158 loading class java/util/concurrent/locks/AbstractQueuedSynchronizer$ExclusiveNode done
Event: 0.159 Thread 0x00000243bec1d650 Thread added: 0x00000243bec1d650
Event: 0.159 loading class java/util/concurrent/locks/AbstractQueuedSynchronizer$SharedNode
Event: 0.159 loading class java/util/concurrent/locks/AbstractQueuedSynchronizer$SharedNode done


Dynamic libraries:
0x00007ff7ca960000 - 0x00007ff7ca970000 	C:\Program Files\Java\jdk-16.0.2\bin\javaw.exe
0x00007ffff5550000 - 0x00007ffff5745000 	C:\Windows\SYSTEM32\ntdll.dll
0x00007ffff4700000 - 0x00007ffff47be000 	C:\Windows\System32\KERNEL32.DLL
0x00007ffff31f0000 - 0x00007ffff34b9000 	C:\Windows\System32\KERNELBASE.dll
0x00007ffff2f10000 - 0x00007ffff3010000 	C:\Windows\System32\ucrtbase.dll
0x00007fffc9d00000 - 0x00007fffc9d18000 	C:\Program Files\Java\jdk-16.0.2\bin\jli.dll
0x00007fffcc1f0000 - 0x00007fffcc209000 	C:\Program Files\Java\jdk-16.0.2\bin\VCRUNTIME140.dll
0x00007ffff4c10000 - 0x00007ffff4cbc000 	C:\Windows\System32\ADVAPI32.dll
0x00007ffff3cc0000 - 0x00007ffff3d5e000 	C:\Windows\System32\msvcrt.dll
0x00007ffff3c20000 - 0x00007ffff3cbb000 	C:\Windows\System32\sechost.dll
0x00007ffff47f0000 - 0x00007ffff491a000 	C:\Windows\System32\RPCRT4.dll
0x00007ffff4920000 - 0x00007ffff4ac1000 	C:\Windows\System32\USER32.dll
0x00007ffff3010000 - 0x00007ffff3032000 	C:\Windows\System32\win32u.dll
0x00007ffff47c0000 - 0x00007ffff47eb000 	C:\Windows\System32\GDI32.dll
0x00007fffdae00000 - 0x00007fffdb09a000 	C:\Windows\WinSxS\amd64_microsoft.windows.common-controls_6595b64144ccf1df_6.0.19041.1110_none_60b5254171f9507e\COMCTL32.dll
0x00007ffff2c70000 - 0x00007ffff2d7b000 	C:\Windows\System32\gdi32full.dll
0x00007ffff3150000 - 0x00007ffff31ed000 	C:\Windows\System32\msvcp_win.dll
0x00007fffebd40000 - 0x00007fffebd4a000 	C:\Windows\SYSTEM32\VERSION.dll
0x00007ffff52e0000 - 0x00007ffff5310000 	C:\Windows\System32\IMM32.DLL
0x00007fffec6f0000 - 0x00007fffec6fc000 	C:\Program Files\Java\jdk-16.0.2\bin\vcruntime140_1.dll
0x00007fffaee60000 - 0x00007fffaeef1000 	C:\Program Files\Java\jdk-16.0.2\bin\msvcp140.dll
0x00007fff84210000 - 0x00007fff84dbb000 	C:\Program Files\Java\jdk-16.0.2\bin\server\jvm.dll
0x00007ffff4ad0000 - 0x00007ffff4ad8000 	C:\Windows\System32\PSAPI.DLL
0x00007fffe2090000 - 0x00007fffe20b7000 	C:\Windows\SYSTEM32\WINMM.dll
0x00007fffe9e60000 - 0x00007fffe9e69000 	C:\Windows\SYSTEM32\WSOCK32.dll
0x00007ffff37f0000 - 0x00007ffff385b000 	C:\Windows\System32\WS2_32.dll
0x00007ffff14b0000 - 0x00007ffff14c2000 	C:\Windows\SYSTEM32\kernel.appcore.dll
0x00007fffec6a0000 - 0x00007fffec6aa000 	C:\Program Files\Java\jdk-16.0.2\bin\jimage.dll
0x00007ffff0770000 - 0x00007ffff0954000 	C:\Windows\SYSTEM32\DBGHELP.DLL
0x00007fffea4b0000 - 0x00007fffea4dc000 	C:\Windows\SYSTEM32\dbgcore.DLL
0x00007ffff34c0000 - 0x00007ffff3543000 	C:\Windows\System32\bcryptPrimitives.dll
0x00007fffcf380000 - 0x00007fffcf3a5000 	C:\Program Files\Java\jdk-16.0.2\bin\java.dll
0x00007ffff3f60000 - 0x00007ffff469f000 	C:\Windows\System32\SHELL32.dll
0x00007ffff0d10000 - 0x00007ffff14a0000 	C:\Windows\SYSTEM32\windows.storage.dll
0x00007ffff38c0000 - 0x00007ffff3c15000 	C:\Windows\System32\combase.dll
0x00007ffff2570000 - 0x00007ffff259c000 	C:\Windows\SYSTEM32\Wldp.dll
0x00007ffff5230000 - 0x00007ffff52de000 	C:\Windows\System32\SHCORE.dll
0x00007ffff3e30000 - 0x00007ffff3e85000 	C:\Windows\System32\shlwapi.dll
0x00007ffff2bb0000 - 0x00007ffff2bcf000 	C:\Windows\SYSTEM32\profapi.dll
0x00007fffec5f0000 - 0x00007fffec609000 	C:\Program Files\Java\jdk-16.0.2\bin\net.dll
0x00007fffedec0000 - 0x00007fffedfc8000 	C:\Windows\SYSTEM32\WINHTTP.dll
0x00007ffff2350000 - 0x00007ffff23ba000 	C:\Windows\system32\mswsock.dll
0x00007fffebc60000 - 0x00007fffebc73000 	C:\Program Files\Java\jdk-16.0.2\bin\nio.dll
0x00007fffcf2c0000 - 0x00007fffcf2d8000 	C:\Program Files\Java\jdk-16.0.2\bin\zip.dll
0x00007fffc50e0000 - 0x00007fffc513e000 	C:\Temprorary_Application\Java\Gstreamer\amazon-kinesis-video-streams-producer-sdk-java1\src\main\resources\lib\windows\KinesisVideoProducerJNI.dll

dbghelp: loaded successfully - version: 4.0.5 - missing functions: none
symbol engine: initialized successfully - sym options: 0x614 - pdb path: .;C:\Program Files\Java\jdk-16.0.2\bin;C:\Windows\SYSTEM32;C:\Windows\WinSxS\amd64_microsoft.windows.common-controls_6595b64144ccf1df_6.0.19041.1110_none_60b5254171f9507e;C:\Program Files\Java\jdk-16.0.2\bin\server;C:\Temprorary_Application\Java\Gstreamer\amazon-kinesis-video-streams-producer-sdk-java1\src\main\resources\lib\windows

VM Arguments:
jvm_args: -Daws.accessKeyId=ASIATO7YQHBBJOHMBDP7 -Daws.secretKey=LSSPGgk1ltyzMRRn2oGZceoU+rAzgjeQRNX4IU1p -Daws.sessionToken=IQoJb3JpZ2luX2VjEDkaCWV1LXdlc3QtMSJIMEYCIQCXoJRFZLWEl0BDk0ekt0mrl3vMi8ctLbkzZTXNz30DmwIhANEftkS+6fkwE5FbLQPPzsEuS1m851jrA3U+d8tCh8V+KpIDCKL//////////wEQABoMMjM4MzU0OTcwNjkwIgx5QGMapsEjirfDyV0q5gIyB3AEUNZKoKX4tQW6fuGiN1A5v4rE5yO1f+YNSLea5/wfP1asLgrPkVJ+CXy2itTL4d9G37LIgJRn60ha7/Ly4jwKDVzkcdX1XFJR6cxTAn9sMxmsuJvClZsgfjpYETdA7RqMmg7GWcTFtShwlgX371J0qHV65mjq5TqTmVDBMG3tmP/PD4rVdGsD7iO+mT+m/qXCBGh4lEYJHDzzOCzSYOGIZ89EaT9zU1DDYM4Y6B0nXfdFJjjI/3/VlpidWhBt7RYAjwAokt3W1aiS0j9nM53Yw1DufsRRW5DDnljykQLMSeIJ7rBs367wc5UxmMkhsxPW7LDiub/Z+r6Dtdj8mWwLOyOUNcnQqrTCJPYHYGyO8SGSfArVjuJfFgL08lfzIhE4BwysC8O+PBDUFo75mSBnFiIUr5eeXCvF4b8fLv4MchmbDS2pRKmCmBdw6GxqaVV6UPduquntHTYEyxNarZex/K31MKqzy4oGOqUBmKx2ehkAypHii8gKWyNSb74vptfqx40UGHzytjP80KXgTfzQZdkOen3iUVFKnwG5zF1abyJG61hmxHfLdlizsFbffEHV4z7zqjb5YXTvnpIJ4SsjGfyxNOHGNkdcFEC9wSkH6ySFccHLwuUVO9zMod+vfIgKyMFbwR7K6qVTmxrR4EK72cetLQPNkQRn6AXKgylzAlrzMvo1/emHME0+v1Y4P/u3 -Dkvs-stream=My_Video_Stream -Djava.library.path=C:\Temprorary_Application\Java\Gstreamer\amazon-kinesis-video-streams-producer-sdk-java1\src\main\resources\lib\windows -Dfile.encoding=Cp1252 -XX:+ShowCodeDetailsInExceptionMessages 
java_command: com.amazonaws.kinesisvideo.demoapp.GStreamerRtspPublisherDemoNew My_Video_Stream rtsp://54.195.41.63:8554/mystream
java_class_path (initial): C:\Temprorary_Application\Java\Gstreamer\amazon-kinesis-video-streams-producer-sdk-java1\target\classes;C:\Users\bejoy\.m2\repository\com\amazonaws\aws-java-sdk-core\1.11.602\aws-java-sdk-core-1.11.602.jar;C:\Users\bejoy\.m2\repository\commons-logging\commons-logging\1.1.3\commons-logging-1.1.3.jar;C:\Users\bejoy\.m2\repository\org\apache\httpcomponents\httpclient\4.5.9\httpclient-4.5.9.jar;C:\Users\bejoy\.m2\repository\commons-codec\commons-codec\1.11\commons-codec-1.11.jar;C:\Users\bejoy\.m2\repository\software\amazon\ion\ion-java\1.0.2\ion-java-1.0.2.jar;C:\Users\bejoy\.m2\repository\com\fasterxml\jackson\core\jackson-databind\2.6.7.2\jackson-databind-2.6.7.2.jar;C:\Users\bejoy\.m2\repository\com\fasterxml\jackson\core\jackson-annotations\2.6.0\jackson-annotations-2.6.0.jar;C:\Users\bejoy\.m2\repository\com\fasterxml\jackson\core\jackson-core\2.6.7\jackson-core-2.6.7.jar;C:\Users\bejoy\.m2\repository\com\fasterxml\jackson\dataformat\jackson-dataformat-cbor\2.6.7\jackson-dataformat-cbor-2.6.7.jar;C:\Users\bejoy\.m2\repository\joda-time\joda-time\2.8.1\joda-time-2.8.1.jar;C:\Users\bejoy\.m2\repository\com\amazonaws\aws-java-sdk-kinesisvideo\1.11.602\aws-java-sdk-kinesisvideo-1.11.602.jar;C:\Users\bejoy\.m2\repository\io\netty\netty-codec-http\4.1.17.Final\netty-codec-http-4.1.17.Final.jar;C:\Users\bejoy\.m2\repository\io\netty\netty-codec\4.1.17.Final\netty-codec-4.1.17.Final.jar;C:\Users\bejoy\.m2\repository\io\netty\netty-handler\4.1.17.Final\netty-handler-4.1.17.Final.jar;C:\Users\bejoy\.m2\repository\io\netty\netty-buffer\4.1.17.Final\netty-buffer-4.1.17.Final.jar;C:\Users\bejoy\.m2\repository\io\netty\netty-common\4.1.17.Final\netty-common-4.1.17.Final.jar;C:\Users\bejoy\.m2\repository\io\netty\netty-transport\4.1.17.Final\netty-transport-4.1.17.Final.jar;C:\Users\bejoy\.m2\repository\io\netty\netty-resolver\4.1.17.Final\netty-resolver-4.1.17.Final.jar;C:\Users\bejoy\.m2\repository\com\amazonaws\jmespath-java\1.11.602\jmespath-java
Launcher Type: SUN_STANDARD

[Global flags]
     intx CICompilerCount                          = 4                                         {product} {ergonomic}
     uint ConcGCThreads                            = 2                                         {product} {ergonomic}
     uint G1ConcRefinementThreads                  = 8                                         {product} {ergonomic}
   size_t G1HeapRegionSize                         = 2097152                                   {product} {ergonomic}
    uintx GCDrainStackTargetSize                   = 64                                        {product} {ergonomic}
   size_t InitialHeapSize                          = 266338304                                 {product} {ergonomic}
   size_t MarkStackSize                            = 4194304                                   {product} {ergonomic}
   size_t MaxHeapSize                              = 4238344192                                {product} {ergonomic}
   size_t MaxNewSize                               = 2541748224                                {product} {ergonomic}
   size_t MinHeapDeltaBytes                        = 2097152                                   {product} {ergonomic}
   size_t MinHeapSize                              = 8388608                                   {product} {ergonomic}
    uintx NonNMethodCodeHeapSize                   = 5839372                                {pd product} {ergonomic}
    uintx NonProfiledCodeHeapSize                  = 122909434                              {pd product} {ergonomic}
    uintx ProfiledCodeHeapSize                     = 122909434                              {pd product} {ergonomic}
    uintx ReservedCodeCacheSize                    = 251658240                              {pd product} {ergonomic}
     bool SegmentedCodeCache                       = true                                      {product} {ergonomic}
     bool ShowCodeDetailsInExceptionMessages       = true                                   {manageable} {command line}
   size_t SoftMaxHeapSize                          = 4238344192                             {manageable} {ergonomic}
     bool UseCompressedClassPointers               = true                           {product lp64_product} {ergonomic}
     bool UseCompressedOops                        = true                           {product lp64_product} {ergonomic}
     bool UseG1GC                                  = true                                      {product} {ergonomic}
     bool UseLargePagesIndividualAllocation        = false                                  {pd product} {ergonomic}

Logging:
Log output configuration:
 #0: stdout all=warning uptime,level,tags
 #1: stderr all=off uptime,level,tags

Environment Variables:
PATH=C:/Program Files/Java/jdk-16.0.2/bin/server;C:/Program Files/Java/jdk-16.0.2/bin;C:\Program Files\Java\jdk-16.0.2\bin;C:\Program Files\Common Files\Oracle\Java\javapath;C:\Windows\system32;C:\Windows;C:\Windows\System32\Wbem;C:\Windows\System32\WindowsPowerShell\v1.0\;C:\Windows\System32\OpenSSH\;C:\Program Files\Python_3.9.6;C:\Program Files\Python_3.9.6\Scripts;C:\Program Files\Git\cmd;C:\Program Files\nodejs\;C:\Program Files\Amazon\AWSCLIV2\;C:\Program Files\Python_3.9.6\Scripts\;C:\Program Files\Python_3.9.6\;C:\Program Files\PuTTY\;C:\Program Files\Docker\Docker\resources\bin;C:\ProgramData\DockerDesktop\version-bin;C:\ffmpeg\bin;C:\ffmpeg;C:\Program Files (x86)\mavern\apache-maven-3.8.2\bin;C:\Gradle\gradle-7.0.1\bin;C:\gstreamer\1.0\mingw_x86_64\bin;C:\ProgramData\chocolatey\bin;C:\Program Files\MySQL\MySQL Shell 8.0\bin\;C:\Program Files\Python_3.9.6\Scripts\;C:\Program Files\Python_3.9.6\;C:\Users\bejoy\AppData\Local\Microsoft\WindowsApps;C:\Program Files\Python_3.9.6;C:\Program Files\Python_3.9.6\Scripts;C:\Programs Files\Microsoft VS Code\bin;C:\Program Files\MySQL\MySQL Server 8.0\bin\;C:\Users\bejoy\AppData\Roaming\npm;C:\ffmpeg\bin;;C:\gstreamer\1.0\msvc_x86_64\\bin;C:\Users\bejoy\Desktop;
USERNAME=bejoy
OS=Windows_NT
PROCESSOR_IDENTIFIER=Intel64 Family 6 Model 140 Stepping 1, GenuineIntel



---------------  S Y S T E M  ---------------

OS:
 Windows 10 , 64 bit Build 19041 (10.0.19041.1202)
OS uptime: 13 days 5:44 hours
Hyper-V role detected

CPU: total 8 (initial active 8) (4 cores per cpu, 2 threads per core) family 6 model 140 stepping 1 microcode 0x86, cx8, cmov, fxsr, ht, mmx, 3dnowpref, sse, sse2, sse3, ssse3, sse4.1, sse4.2, popcnt, lzcnt, tsc, tscinvbit, avx, avx2, aes, erms, clmul, bmi1, bmi2, adx, avx512f, avx512dq, avx512cd, avx512bw, avx512vl, sha, fma, vzeroupper, avx512_vpopcntdq, avx512_vpclmulqdq, avx512_vaes, avx512_vnni, clflush, clflushopt, clwb, avx512_vmbi2, avx512_vmbi, hv

Memory: 4k page, system-wide physical 16167M (4705M free)
TotalPageFile size 26407M (AvailPageFile size 5914M)
current process WorkingSet (physical memory assigned to process): 40M, peak: 40M
current process commit charge ("private bytes"): 1370M, peak: 1370M

vm_info: Java HotSpot(TM) 64-Bit Server VM (16.0.2+7-67) for windows-amd64 JRE (16.0.2+7-67), built on Jun  8 2021 23:24:19 by "mach5one" with MS VC++ 16.7 (VS2019)

END.
